<?xml version="1.0" encoding="UTF-8"?>
<coverage generated="1737039261967" clover="3.2.0">
  <project timestamp="1737039261967" name="All files">
    <metrics statements="3" coveredstatements="3" conditionals="0" coveredconditionals="0" methods="3" coveredmethods="3" elements="6" coveredelements="6" complexity="0" loc="3" ncloc="3" packages="1" files="3" classes="3"/>
    <file name="courseService.js" path="/home/tadeu/dev/dr-know-back/src/services/courseService.js">
      <metrics statements="1" coveredstatements="1" conditionals="0" coveredconditionals="0" methods="1" coveredmethods="1"/>
      <line num="4" count="1" type="stmt"/>
    </file>
    <file name="smokeTest.js" path="/home/tadeu/dev/dr-know-back/src/services/smokeTest.js">
      <metrics statements="1" coveredstatements="1" conditionals="0" coveredconditionals="0" methods="1" coveredmethods="1"/>
      <line num="2" count="1" type="stmt"/>
    </file>
    <file name="userService.js" path="/home/tadeu/dev/dr-know-back/src/services/userService.js">
      <metrics statements="1" coveredstatements="1" conditionals="0" coveredconditionals="0" methods="1" coveredmethods="1"/>
      <line num="4" count="1" type="stmt"/>
    </file>
  </project>
</coverage>
