{"/home/tadeu/dev/dr-know-back/src/services/courseService.js": {"path":"/home/tadeu/dev/dr-know-back/src/services/courseService.js","statementMap":{"0":{"start":{"line":4,"column":4},"end":{"line":12,"column":13}}},"fnMap":{"0":{"name":"getCourseById","decl":{"start":{"line":3,"column":15},"end":{"line":3,"column":28}},"loc":{"start":{"line":3,"column":39},"end":{"line":13,"column":1}},"line":3}},"branchMap":{},"s":{"0":1},"f":{"0":1},"b":{},"_coverageSchema":"1a1c01bbd47fc00a2c39e90264f33305004495a9","hash":"94af4b8e8ed8198fa777789272d8eaff143974f4"}
,"/home/tadeu/dev/dr-know-back/src/services/smokeTest.js": {"path":"/home/tadeu/dev/dr-know-back/src/services/smokeTest.js","statementMap":{"0":{"start":{"line":2,"column":4},"end":{"line":2,"column":27}}},"fnMap":{"0":{"name":"doSomethingStupid","decl":{"start":{"line":1,"column":16},"end":{"line":1,"column":33}},"loc":{"start":{"line":1,"column":36},"end":{"line":3,"column":1}},"line":1}},"branchMap":{},"s":{"0":1},"f":{"0":1},"b":{},"_coverageSchema":"1a1c01bbd47fc00a2c39e90264f33305004495a9","hash":"74d254fc8a2736114070fff07f8749c474bd27f6"}
,"/home/tadeu/dev/dr-know-back/src/services/userService.js": {"path":"/home/tadeu/dev/dr-know-back/src/services/userService.js","statementMap":{"0":{"start":{"line":4,"column":2},"end":{"line":4,"column":82}}},"fnMap":{"0":{"name":"getUserById","decl":{"start":{"line":3,"column":15},"end":{"line":3,"column":26}},"loc":{"start":{"line":3,"column":35},"end":{"line":5,"column":1}},"line":3}},"branchMap":{},"s":{"0":1},"f":{"0":1},"b":{},"_coverageSchema":"1a1c01bbd47fc00a2c39e90264f33305004495a9","hash":"f736db07bdc69f9be0de5417b3a9ea5346e38ad7"}
}
