{"/home/tadeu/dev/dr-know-back/src/services/smokeTest.js": {"path":"/home/tadeu/dev/dr-know-back/src/services/smokeTest.js","statementMap":{"0":{"start":{"line":2,"column":4},"end":{"line":2,"column":27}}},"fnMap":{"0":{"name":"doSomethingStupid","decl":{"start":{"line":1,"column":16},"end":{"line":1,"column":33}},"loc":{"start":{"line":1,"column":36},"end":{"line":3,"column":1}},"line":1}},"branchMap":{},"s":{"0":1},"f":{"0":1},"b":{},"_coverageSchema":"1a1c01bbd47fc00a2c39e90264f33305004495a9","hash":"74d254fc8a2736114070fff07f8749c474bd27f6"}
}
